


ARM Macro Assembler    Page 1 


    1 00000000         ; OSasm.s: low-level OS commands, written in assembly   
                                           
    2 00000000         ; Runs on LM4F120/TM4C123 will be ported to MSP432 in ne
                       xt version
    3 00000000         ; ssOS - stupid simple Operating System
    4 00000000         ; A very simple real time operating system with minimal 
                       features.
    5 00000000         ; For copyright, configuration and usage read readme.txt
                       
    6 00000000         
    7 00000000                 AREA             |.text|, CODE, READONLY, ALIGN=
2
    8 00000000                 THUMB
    9 00000000                 REQUIRE8
   10 00000000                 PRESERVE8
   11 00000000         
   12 00000000                 EXTERN           RunPt       ; currently running
                                                             thread
   13 00000000                 EXPORT           StartOS
   14 00000000                 EXPORT           SysTick_Handler
   15 00000000                 IMPORT           Scheduler
   16 00000000         
   17 00000000         SysTick_Handler                      ; 1) Saves R0-R3,R1
                                                            2,LR,PC,PSR
   18 00000000 B672            CPSID            I           ; 2) Prevent interr
                                                            upt during switch
   19 00000002 E92D 0FF0       PUSH             {R4-R11}    ;saves registers R4
                                                             to R11
   20 00000006 480F            LDR              R0,=RunPt   ;load address of Ru
                                                            nPt to R0
   21 00000008 6801            LDR              R1,[R0]     ;R1 = RunPt
   22 0000000A F8C1 D000       STR              SP,[R1]     ;save current SP to
                                                             tcbs.sp
   23 0000000E B501            PUSH             {R0,LR}
   24 00000010 F7FF FFFE       BL               Scheduler
   25 00000014 E8BD 4001       POP              {R0,LR}
   26 00000018 6801            LDR              R1,[R0]     ; 6) R1 = RunPt, ne
                                                            w thread
   27 0000001A F8D1 D000       LDR              SP,[R1]     ;load new SP, SP = 
                                                            RunPt.sp
   28 0000001E E8BD 0FF0       POP              {R4-R11}    ;load registers fro
                                                            m stack
   29 00000022 B662            CPSIE            I           ; 9) tasks run with
                                                             interrupts enabled
                                                            
   30 00000024 4770            BX               LR          ; 10) restore R0-R3
                                                            ,R12,LR,PC,PSR
   31 00000026         
   32 00000026         StartOS
   33 00000026 4807            LDR              R0, =RunPt  ; currently running
                                                             thread, load addre
                                                            ss of RunPt to R0
   34 00000028 6802            LDR              R2, [R0]    ; R2 = value of Run
                                                            Pt
   35 0000002A F8D2 D000       LDR              SP, [R2]    ; new thread SP, SP
                                                             = RunPt->stackPoin
                                                            ter, load address o
                                                            f RunPt to R0
   36 0000002E E8BD 0FF0       POP              {R4-R11}    ; restore regs r4-1



ARM Macro Assembler    Page 2 


                                                            1
   37 00000032 BC0F            POP              {R0-R3}     ; restore regs r0-3
                                                            
   38 00000034 F85D CB04       POP              {R12}
   39 00000038 B001            ADD              SP,SP,#4    ; discard LR from i
                                                            nitial stack, move 
                                                            to next element
   40 0000003A F85D EB04       POP              {LR}        ; start location
   41 0000003E B001            ADD              SP,SP,#4    ; discard PSR, move
                                                             to next element
   42 00000040 B662            CPSIE            I           ; Enable interrupts
                                                             at processor level
                                                            
   43 00000042 4770            BX               LR          ; start first threa
                                                            d
   44 00000044                 ALIGN
   45 00000044                 END
              00000000 
Command Line: --debug --xref --diag_suppress=9931 --cpu=Cortex-M4 --apcs=interw
ork --depend=.\generated\objects\osasm.d -o.\generated\objects\osasm.o -IC:\Use
rs\alexandru.gaal\Documents\GitHub\SecSys\SecSys_TM4C\RTE -IC:\Keil_v5\ARM\PACK
\ARM\CMSIS\5.0.0-Beta4\CMSIS\Include -IC:\Keil_v5\ARM\PACK\Keil\TM4C_DFP\1.1.0\
Device\Include\TM4C123 --predefine="__EVAL SETA 1" --predefine="__UVISION_VERSI
ON SETA 521" --predefine="_RTE_ SETA 1" --predefine="TM4C123GH6PM SETA 1" --lis
t=.\generated\listings\osasm.lst OS\osasm.s



ARM Macro Assembler    Page 1 Alphabetic symbol ordering
Relocatable symbols

.text 00000000

Symbol: .text
   Definitions
      At line 7 in file OS\osasm.s
   Uses
      None
Comment: .text unused
StartOS 00000026

Symbol: StartOS
   Definitions
      At line 32 in file OS\osasm.s
   Uses
      At line 13 in file OS\osasm.s
Comment: StartOS used once
SysTick_Handler 00000000

Symbol: SysTick_Handler
   Definitions
      At line 17 in file OS\osasm.s
   Uses
      At line 14 in file OS\osasm.s
Comment: SysTick_Handler used once
3 symbols



ARM Macro Assembler    Page 1 Alphabetic symbol ordering
External symbols

RunPt 00000000

Symbol: RunPt
   Definitions
      At line 12 in file OS\osasm.s
   Uses
      At line 20 in file OS\osasm.s
      At line 33 in file OS\osasm.s

Scheduler 00000000

Symbol: Scheduler
   Definitions
      At line 15 in file OS\osasm.s
   Uses
      At line 24 in file OS\osasm.s
Comment: Scheduler used once
2 symbols
341 symbols in table
